<?xml version="1.0" encoding="UTF-8"?>
<!-- Generated by org.testng.reporters.JUnitReportReporter -->
<testsuite hostname="DESKTOP-CGV43OK" failures="0" tests="1" name="test.cases.SwagLabs" time="12.982" errors="0" timestamp="2024-10-27T02:10:20 CST" skipped="0">
  <testcase classname="test.cases.SwagLabs" name="EndToEnd" time="12.982"/>
</testsuite> <!-- test.cases.SwagLabs -->
