<?xml version="1.0" encoding="UTF-8"?>
<!-- Generated by org.testng.reporters.JUnitReportReporter -->
<testsuite hostname="ACSS-LTP151" failures="0" tests="6" name="test.cases.SwagLabs" time="18.461" errors="0" timestamp="2024-11-15T11:03:13 PST" skipped="0">
  <testcase classname="test.cases.SwagLabs" name="EndToEnd" time="2.820"/>
  <testcase classname="test.cases.SwagLabs" name="EndToEnd" time="3.021"/>
  <testcase classname="test.cases.SwagLabs" name="EndToEnd" time="2.911"/>
  <testcase classname="test.cases.SwagLabs" name="EndToEnd" time="3.680"/>
  <testcase classname="test.cases.SwagLabs" name="EndToEnd" time="3.007"/>
  <testcase classname="test.cases.SwagLabs" name="EndToEnd" time="3.022"/>
</testsuite> <!-- test.cases.SwagLabs -->
