<?xml version="1.0" encoding="UTF-8"?>
<!-- Generated by org.testng.reporters.JUnitReportReporter -->
<testsuite hostname="ACSS-LTP151" failures="0" tests="6" name="test.cases.SwagLabs" time="23.804" errors="0" timestamp="2024-11-21T09:41:03 PST" skipped="0">
  <testcase classname="test.cases.SwagLabs" name="EndToEnd" time="3.715"/>
  <testcase classname="test.cases.SwagLabs" name="EndToEnd" time="3.852"/>
  <testcase classname="test.cases.SwagLabs" name="EndToEnd" time="4.048"/>
  <testcase classname="test.cases.SwagLabs" name="EndToEnd" time="3.891"/>
  <testcase classname="test.cases.SwagLabs" name="EndToEnd" time="3.875"/>
  <testcase classname="test.cases.SwagLabs" name="EndToEnd" time="4.423"/>
</testsuite> <!-- test.cases.SwagLabs -->
