<?xml version="1.0" encoding="UTF-8"?>
<!-- Generated by org.testng.reporters.JUnitReportReporter -->
<testsuite hostname="ACSS-LTP151" failures="0" tests="1" name="test.cases.InvalidCredentials" time="0.000" errors="0" timestamp="2024-10-25T09:31:07 PST" skipped="1">
  <testcase classname="test.cases.InvalidCredentials" name="VerifyError" time="0.000">
    <skipped/>
  </testcase> <!-- VerifyError -->
</testsuite> <!-- test.cases.InvalidCredentials -->
