<?xml version="1.0" encoding="UTF-8"?>
<!-- Generated by org.testng.reporters.JUnitReportReporter -->
<testsuite hostname="ACSS-LTP151" failures="0" tests="12" name="test.cases.SwagLabs" time="9.001" errors="0" timestamp="2024-10-17T16:14:26 PST" skipped="0">
  <testcase classname="test.cases.SwagLabs" name="TC001" time="0.831"/>
  <testcase classname="test.cases.SwagLabs" name="TC001" time="1.497"/>
  <testcase classname="test.cases.SwagLabs" name="TC002" time="0.144"/>
  <testcase classname="test.cases.SwagLabs" name="TC002" time="0.152"/>
  <testcase classname="test.cases.SwagLabs" name="TC002" time="1.280"/>
  <testcase classname="test.cases.SwagLabs" name="TC002" time="0.142"/>
  <testcase classname="test.cases.SwagLabs" name="TC002" time="0.175"/>
  <testcase classname="test.cases.SwagLabs" name="TC001" time="1.405"/>
  <testcase classname="test.cases.SwagLabs" name="TC002" time="0.166"/>
  <testcase classname="test.cases.SwagLabs" name="TC001" time="0.863"/>
  <testcase classname="test.cases.SwagLabs" name="TC001" time="1.019"/>
  <testcase classname="test.cases.SwagLabs" name="TC001" time="1.327"/>
</testsuite> <!-- test.cases.SwagLabs -->
