<?xml version="1.0" encoding="UTF-8"?>
<!-- Generated by org.testng.reporters.JUnitReportReporter -->
<testsuite hostname="ACSS-LTP151" failures="0" tests="1" name="test.cases.InvalidCredentials" time="0.041" errors="0" timestamp="2024-10-18T15:58:04 PST" skipped="0">
  <testcase classname="test.cases.InvalidCredentials" name="VerifyError" time="0.041"/>
</testsuite> <!-- test.cases.InvalidCredentials -->
