<?xml version="1.0" encoding="UTF-8"?>
<!-- Generated by org.testng.reporters.JUnitReportReporter -->
<testsuite hostname="DESKTOP-CGV43OK" failures="0" tests="1" name="test.cases.SwagLabs" time="13.445" errors="0" timestamp="2024-10-28T20:47:42 CST" skipped="0">
  <testcase classname="test.cases.SwagLabs" name="EndToEnd" time="13.445"/>
</testsuite> <!-- test.cases.SwagLabs -->
